0 info it worked if it ends with ok
1 verbose cli [ '/Users/guillermo/.nvm/versions/node/v4.2.3/bin/node',
1 verbose cli   '/Users/guillermo/.nvm/versions/node/v4.2.3/bin/npm',
1 verbose cli   'run',
1 verbose cli   'stylus' ]
2 info using npm@3.5.2
3 info using node@v4.2.3
4 verbose stack Error: missing script: stylus
4 verbose stack     at run (/Users/guillermo/.nvm/versions/node/v4.2.3/lib/node_modules/npm/lib/run-script.js:147:19)
4 verbose stack     at /Users/guillermo/.nvm/versions/node/v4.2.3/lib/node_modules/npm/lib/run-script.js:57:5
4 verbose stack     at /Users/guillermo/.nvm/versions/node/v4.2.3/lib/node_modules/npm/node_modules/read-package-json/read-json.js:345:5
4 verbose stack     at checkBinReferences_ (/Users/guillermo/.nvm/versions/node/v4.2.3/lib/node_modules/npm/node_modules/read-package-json/read-json.js:309:45)
4 verbose stack     at final (/Users/guillermo/.nvm/versions/node/v4.2.3/lib/node_modules/npm/node_modules/read-package-json/read-json.js:343:3)
4 verbose stack     at then (/Users/guillermo/.nvm/versions/node/v4.2.3/lib/node_modules/npm/node_modules/read-package-json/read-json.js:113:5)
4 verbose stack     at /Users/guillermo/.nvm/versions/node/v4.2.3/lib/node_modules/npm/node_modules/read-package-json/read-json.js:300:12
4 verbose stack     at /Users/guillermo/.nvm/versions/node/v4.2.3/lib/node_modules/npm/node_modules/graceful-fs/graceful-fs.js:76:16
4 verbose stack     at FSReqWrap.readFileAfterClose [as oncomplete] (fs.js:380:3)
5 verbose cwd /Users/guillermo/Desktop/rkcreativa
6 error Darwin 15.0.0
7 error argv "/Users/guillermo/.nvm/versions/node/v4.2.3/bin/node" "/Users/guillermo/.nvm/versions/node/v4.2.3/bin/npm" "run" "stylus"
8 error node v4.2.3
9 error npm  v3.5.2
10 error missing script: stylus
11 error If you need help, you may report this error at:
11 error     <https://github.com/npm/npm/issues>
12 verbose exit [ 1, true ]
